<?xml version="1.0" encoding="UTF-8"?>
<!-- Generated by org.testng.reporters.JUnitReportReporter -->
<testsuite hostname="PENNANT-VSP205" failures="0" tests="3" name="testcontroller.OfferLetterControllerTest" time="0.713" errors="0" timestamp="2023-07-03T16:19:51 IST" skipped="0">
  <testcase classname="testcontroller.OfferLetterControllerTest" name="testGetOfferLetterProvidedCandidates" time="0.668"/>
  <testcase classname="testcontroller.OfferLetterControllerTest" name="testGetIssuingCandidates" time="0.035"/>
  <testcase classname="testcontroller.OfferLetterControllerTest" name="testSendOfferMail" time="0.010"/>
</testsuite> <!-- testcontroller.OfferLetterControllerTest -->
